Arguments: 
  /usr/local/Cellar/node/9.5.0/bin/node /usr/local/bin/yarn start

PATH: 
  /Users/apple/dev/docker-compose-php/app/web/aaronunix/tools/apache-maven-3.3.9/bin:/usr/local/bin:/usr/local/bin:/usr/bin:/bin:/usr/sbin:/sbin

Yarn version: 
  1.5.1

Node version: 
  9.5.0

Platform: 
  darwin x64

npm manifest: 
  {
    "name": "async",
    "version": "0.0.1",
    "private": true,
    "devDependencies": {
      "react-scripts": "^1.0.2",
      "redux-logger": "^3.0.6"
    },
    "dependencies": {
      "prop-types": "^15.5.10",
      "react": "^15.5.0",
      "react-dom": "^15.5.0",
      "react-redux": "^5.0.5",
      "redux": "^3.5.2",
      "redux-thunk": "^2.1.0"
    },
    "scripts": {
      "start": "react-scripts start",
      "build": "react-scripts build",
      "eject": "react-scripts eject",
      "test": "react-scripts test"
    }
  }

yarn manifest: 
  No manifest

Lockfile: 
  No lockfile

Trace: 
  Error: Command failed.
  Exit code: 127
  Command: sh
  Arguments: -c react-scripts start
  Directory: /Users/apple/dev/react-redux-practice/async
  Output:
  
      at ProcessTermError.MessageError (/usr/local/lib/node_modules/yarn/lib/cli.js:186:110)
      at new ProcessTermError (/usr/local/lib/node_modules/yarn/lib/cli.js:226:113)
      at ChildProcess.<anonymous> (/usr/local/lib/node_modules/yarn/lib/cli.js:30281:17)
      at ChildProcess.emit (events.js:160:13)
      at maybeClose (internal/child_process.js:943:16)
      at Process.ChildProcess._handle.onexit (internal/child_process.js:220:5)
